<?xml version="1.0" encoding="UTF-8"?>
<!-- Generated by org.testng.reporters.JUnitReportReporter -->
<testsuite hostname="EHS-LAE-126283N" failures="0" tests="1" name="com.fts.pages.Login" time="220.426" errors="0" timestamp="2022-01-29T11:48:33 EST" skipped="0">
  <testcase classname="com.fts.pages.Login" name="loginApplication" time="220.426"/>
  <system-out/>
</testsuite> <!-- com.fts.pages.Login -->
