<?xml version="1.0" encoding="UTF-8"?>
<!-- Generated by org.testng.reporters.JUnitReportReporter -->
<testsuite skipped="0" hostname="DESKTOP-2AIOONT" name="com.fts.pages.Login" tests="1" failures="0" timestamp="09 Jan 2022 19:04:47 GMT" time="713.336" errors="0">
  <testcase name="loginApplication" time="713.336" classname="com.fts.pages.Login"/>
</testsuite> <!-- com.fts.pages.Login -->
